build/outputs/logs/manifest-merger-debug-report.txt
-- Merging decision tree log ---
manifest
ADDED from src/main/AndroidManifest.xml:2:1-27:12
	package
		ADDED from src/main/AndroidManifest.xml:3:11-54
		INJECTED from src/main/AndroidManifest.xml
		INJECTED from src/main/AndroidManifest.xml
	android:versionName
		INJECTED from src/main/AndroidManifest.xml
		INJECTED from src/main/AndroidManifest.xml
	xmlns:android
		ADDED from src/main/AndroidManifest.xml:2:11-69
	android:versionCode
		INJECTED from src/main/AndroidManifest.xml
		INJECTED from src/main/AndroidManifest.xml
application
ADDED from src/main/AndroidManifest.xml:5:5-25:19
MERGED from [com.segway.robot:basic-class:0.5.114] AndroidManifest.xml:11:5-15:19
MERGED from [com.android.support:support-v4:22.1.1] AndroidManifest.xml:22:5-20
	android:label
		ADDED from src/main/AndroidManifest.xml:8:9-41
	android:supportsRtl
		ADDED from src/main/AndroidManifest.xml:10:9-35
	android:allowBackup
		ADDED from src/main/AndroidManifest.xml:6:9-35
	android:icon
		ADDED from src/main/AndroidManifest.xml:7:9-43
	android:name
		ADDED from src/main/AndroidManifest.xml:9:9-42
activity#com.segway.robot.locomotionsample.MainActivity
ADDED from src/main/AndroidManifest.xml:11:9-18:20
	android:screenOrientation
		ADDED from src/main/AndroidManifest.xml:12:13-50
	android:name
		ADDED from src/main/AndroidManifest.xml:11:19-47
intent-filter#android.intent.action.MAIN+android.intent.category.LAUNCHER
ADDED from src/main/AndroidManifest.xml:13:13-17:29
action#android.intent.action.MAIN
ADDED from src/main/AndroidManifest.xml:14:17-68
	android:name
		ADDED from src/main/AndroidManifest.xml:14:25-66
category#android.intent.category.LAUNCHER
ADDED from src/main/AndroidManifest.xml:16:17-76
	android:name
		ADDED from src/main/AndroidManifest.xml:16:27-74
activity#com.segway.robot.locomotionsample.base.BaseActivity
ADDED from src/main/AndroidManifest.xml:19:9-21:20
	android:screenOrientation
		ADDED from src/main/AndroidManifest.xml:20:19-56
	android:name
		ADDED from src/main/AndroidManifest.xml:19:19-52
activity#com.segway.robot.locomotionsample.head.HeadActivity
ADDED from src/main/AndroidManifest.xml:22:9-24:20
	android:screenOrientation
		ADDED from src/main/AndroidManifest.xml:23:19-56
	android:name
		ADDED from src/main/AndroidManifest.xml:22:19-52
uses-sdk
INJECTED from src/main/AndroidManifest.xml reason: use-sdk injection requested
MERGED from [com.segway.robot:headsdk:0.6.202] AndroidManifest.xml:7:5-9:41
MERGED from [com.segway.robot:basesdk:0.6.202] AndroidManifest.xml:7:5-9:41
MERGED from [com.segway.robot:basic-class:0.5.114] AndroidManifest.xml:7:5-9:41
MERGED from [com.segway.robot:sdkbase:0.1.48] AndroidManifest.xml:7:5-9:41
MERGED from [com.android.support:support-v4:22.1.1] AndroidManifest.xml:20:5-43
	android:targetSdkVersion
		INJECTED from src/main/AndroidManifest.xml
		INJECTED from src/main/AndroidManifest.xml
	android:minSdkVersion
		INJECTED from src/main/AndroidManifest.xml
		INJECTED from src/main/AndroidManifest.xml
uses-permission#android.permission.WRITE_EXTERNAL_STORAGE
ADDED from [com.segway.robot:sdkbase:0.1.48] AndroidManifest.xml:11:5-81
	android:name
		ADDED from [com.segway.robot:sdkbase:0.1.48] AndroidManifest.xml:11:22-78